<?xml version="1.0" encoding="UTF-8"?>
<!-- Generated by org.testng.reporters.JUnitReportReporter -->
<testsuite hostname="MacBook-Air-Ana-Maria.local" failures="0" tests="1" name="Homework.Homework18" time="2.228" errors="0" timestamp="2023-09-02T23:59:22 EEST" skipped="0">
  <testcase classname="Homework.Homework18" name="blog" time="2.228"/>
</testsuite> <!-- Homework.Homework18 -->
